<?xml version="1.0" encoding="UTF-8"?>
<!-- Generated by org.testng.reporters.JUnitXMLReporter -->
<testsuite ignored="0" hostname="LAPTOP-IO7O6G3K" failures="1" tests="4" name="Functional" time="2.015" errors="0" timestamp="2022-06-20T19:20:56 IST">
  <testcase classname="Test.TestNGAnnotation" name="test3" time="0.0"/>
  <testcase classname="Test.TestNGAnnotation" name="test3" time="0.0"/>
  <testcase classname="Test.TestNGAnnotation" name="test2" time="2.007">
    <failure type="org.testng.internal.thread.ThreadTimeoutException" message="Method Test.TestNGAnnotation.test2() didn&amp;apos;t finish within the time-out 2000">
      <![CDATA[org.testng.internal.thread.ThreadTimeoutException: Method Test.TestNGAnnotation.test2() didn't finish within the time-out 2000
at java.base/java.util.ArrayList.forEach(ArrayList.java:1511)
... Removed 24 stack frames]]>
    </failure>
  </testcase> <!-- test2 -->
  <testcase classname="Test.TestNGAnnotation" name="test1" time="0.0">
    <skipped/>
  </testcase> <!-- test1 -->
</testsuite> <!-- Functional -->
