<?xml version="1.0" encoding="UTF-8"?>
<!-- Generated by org.testng.reporters.JUnitXMLReporter -->
<testsuite ignored="1" hostname="LAPTOP-IO7O6G3K" failures="0" tests="2" name="Regression" time="0.042" errors="0" timestamp="2022-06-20T19:40:11 IST">
  <testcase classname="Test.TestNGAnnotation" name="test3" time="0.006"/>
  <testcase classname="Test.TestNGAnnotation" name="test1" time="0.001"/>
  <testcase classname="Test.TestNGAnnotation" name="test2" time="0.0">
    <ignored/>
  </testcase> <!-- test2 -->
</testsuite> <!-- Regression -->
