<?xml version="1.0" encoding="UTF-8"?>
<!-- Generated by org.testng.reporters.JUnitXMLReporter -->
<testsuite ignored="0" hostname="LAPTOP-IO7O6G3K" failures="0" tests="7" name="Positive test" time="0.057" errors="0" timestamp="2022-06-01T20:18:48 IST">
  <testcase classname="Test.ZerodhaLoginPageTest" name="testc" time="0.004"/>
  <testcase classname="Test.ZerodhaLoginPageTest" name="testd" time="0.001"/>
  <testcase classname="Test.ZerodhaLoginPageTest" name="testa" time="0.0"/>
  <testcase classname="Test.ZerodhaLoginPageTest" name="testb" time="0.0"/>
  <testcase classname="Test.ZerodhaHomeTest" name="GoToHomePageTest" time="0.0"/>
  <testcase classname="Test.ZerodhaHomeTest" name="HomePageTest" time="0.0"/>
  <testcase classname="Test.ZerodhaHomeTest" name="add" time="0.001"/>
</testsuite> <!-- Positive test -->
