<?xml version="1.0" encoding="UTF-8"?>
<testng-results ignored="0" total="7" passed="7" failed="0" skipped="0">
  <reporter-output>
  </reporter-output>
  <suite started-at="2022-06-01T20:18:47 IST" name="Regression" finished-at="2022-06-01T20:18:47 IST" duration-ms="57">
    <groups>
    </groups>
    <test started-at="2022-06-01T20:18:47 IST" name="Positive test" finished-at="2022-06-01T20:18:47 IST" duration-ms="57">
      <class name="Test.ZerodhaLoginPageTest">
        <test-method is-config="true" signature="beforeTest()[pri:0, instance:Test.ZerodhaLoginPageTest@50b5ac82]" started-at="2022-06-01T20:18:47 IST" name="beforeTest" finished-at="2022-06-01T20:18:47 IST" duration-ms="7" status="PASS">
          <reporter-output>
          </reporter-output>
        </test-method> <!-- beforeTest -->
        <test-method is-config="true" signature="beforeClass()[pri:0, instance:Test.ZerodhaLoginPageTest@50b5ac82]" started-at="2022-06-01T20:18:47 IST" name="beforeClass" finished-at="2022-06-01T20:18:47 IST" duration-ms="1" status="PASS">
          <reporter-output>
          </reporter-output>
        </test-method> <!-- beforeClass -->
        <test-method signature="testc()[pri:0, instance:Test.ZerodhaLoginPageTest@50b5ac82]" started-at="2022-06-01T20:18:47 IST" name="testc" finished-at="2022-06-01T20:18:47 IST" duration-ms="4" status="PASS">
          <reporter-output>
          </reporter-output>
        </test-method> <!-- testc -->
        <test-method is-config="true" signature="beforeMethod()[pri:0, instance:Test.ZerodhaLoginPageTest@50b5ac82]" started-at="2022-06-01T20:18:47 IST" name="beforeMethod" finished-at="2022-06-01T20:18:47 IST" duration-ms="0" status="PASS">
          <reporter-output>
          </reporter-output>
        </test-method> <!-- beforeMethod -->
        <test-method is-config="true" signature="afterMethod()[pri:0, instance:Test.ZerodhaLoginPageTest@50b5ac82]" started-at="2022-06-01T20:18:47 IST" name="afterMethod" finished-at="2022-06-01T20:18:47 IST" duration-ms="1" status="PASS">
          <reporter-output>
          </reporter-output>
        </test-method> <!-- afterMethod -->
        <test-method is-config="true" signature="beforeMethod()[pri:0, instance:Test.ZerodhaLoginPageTest@50b5ac82]" started-at="2022-06-01T20:18:47 IST" name="beforeMethod" finished-at="2022-06-01T20:18:47 IST" duration-ms="0" status="PASS">
          <reporter-output>
          </reporter-output>
        </test-method> <!-- beforeMethod -->
        <test-method signature="testd(int)[pri:0, instance:Test.ZerodhaLoginPageTest@50b5ac82]" started-at="2022-06-01T20:18:47 IST" name="testd" finished-at="2022-06-01T20:18:47 IST" duration-ms="1" status="PASS">
          <params>
            <param index="0">
              <value>
                <![CDATA[20]]>
              </value>
            </param>
          </params>
          <reporter-output>
          </reporter-output>
        </test-method> <!-- testd -->
        <test-method is-config="true" signature="beforeMethod()[pri:0, instance:Test.ZerodhaLoginPageTest@50b5ac82]" started-at="2022-06-01T20:18:47 IST" name="beforeMethod" finished-at="2022-06-01T20:18:47 IST" duration-ms="1" status="PASS">
          <reporter-output>
          </reporter-output>
        </test-method> <!-- beforeMethod -->
        <test-method is-config="true" signature="afterMethod()[pri:0, instance:Test.ZerodhaLoginPageTest@50b5ac82]" started-at="2022-06-01T20:18:47 IST" name="afterMethod" finished-at="2022-06-01T20:18:47 IST" duration-ms="0" status="PASS">
          <reporter-output>
          </reporter-output>
        </test-method> <!-- afterMethod -->
        <test-method signature="testa()[pri:1, instance:Test.ZerodhaLoginPageTest@50b5ac82]" started-at="2022-06-01T20:18:47 IST" name="testa" finished-at="2022-06-01T20:18:47 IST" duration-ms="0" status="PASS">
          <reporter-output>
          </reporter-output>
        </test-method> <!-- testa -->
        <test-method is-config="true" signature="afterMethod()[pri:0, instance:Test.ZerodhaLoginPageTest@50b5ac82]" started-at="2022-06-01T20:18:47 IST" name="afterMethod" finished-at="2022-06-01T20:18:47 IST" duration-ms="0" status="PASS">
          <reporter-output>
          </reporter-output>
        </test-method> <!-- afterMethod -->
        <test-method is-config="true" signature="afterMethod()[pri:0, instance:Test.ZerodhaLoginPageTest@50b5ac82]" started-at="2022-06-01T20:18:47 IST" name="afterMethod" finished-at="2022-06-01T20:18:47 IST" duration-ms="0" status="PASS">
          <reporter-output>
          </reporter-output>
        </test-method> <!-- afterMethod -->
        <test-method is-config="true" signature="beforeMethod()[pri:0, instance:Test.ZerodhaLoginPageTest@50b5ac82]" started-at="2022-06-01T20:18:47 IST" name="beforeMethod" finished-at="2022-06-01T20:18:47 IST" duration-ms="0" status="PASS">
          <reporter-output>
          </reporter-output>
        </test-method> <!-- beforeMethod -->
        <test-method signature="testb()[pri:2, instance:Test.ZerodhaLoginPageTest@50b5ac82]" started-at="2022-06-01T20:18:47 IST" name="testb" finished-at="2022-06-01T20:18:47 IST" duration-ms="0" status="PASS">
          <reporter-output>
          </reporter-output>
        </test-method> <!-- testb -->
        <test-method is-config="true" signature="afterClass()[pri:0, instance:Test.ZerodhaLoginPageTest@50b5ac82]" started-at="2022-06-01T20:18:47 IST" name="afterClass" finished-at="2022-06-01T20:18:47 IST" duration-ms="0" status="PASS">
          <reporter-output>
          </reporter-output>
        </test-method> <!-- afterClass -->
        <test-method is-config="true" signature="afterTest()[pri:0, instance:Test.ZerodhaLoginPageTest@50b5ac82]" started-at="2022-06-01T20:18:47 IST" name="afterTest" finished-at="2022-06-01T20:18:47 IST" duration-ms="0" status="PASS">
          <reporter-output>
          </reporter-output>
        </test-method> <!-- afterTest -->
      </class> <!-- Test.ZerodhaLoginPageTest -->
      <class name="Test.ZerodhaHomeTest">
        <test-method signature="GoToHomePageTest()[pri:0, instance:Test.ZerodhaHomeTest@4d02f94e]" started-at="2022-06-01T20:18:47 IST" name="GoToHomePageTest" finished-at="2022-06-01T20:18:47 IST" duration-ms="0" status="PASS">
          <reporter-output>
          </reporter-output>
        </test-method> <!-- GoToHomePageTest -->
        <test-method signature="HomePageTest(java.lang.String)[pri:0, instance:Test.ZerodhaHomeTest@4d02f94e]" started-at="2022-06-01T20:18:47 IST" name="HomePageTest" finished-at="2022-06-01T20:18:47 IST" duration-ms="0" status="PASS">
          <params>
            <param index="0">
              <value>
                <![CDATA[Velocity]]>
              </value>
            </param>
          </params>
          <reporter-output>
          </reporter-output>
        </test-method> <!-- HomePageTest -->
        <test-method signature="add(int,int)[pri:0, instance:Test.ZerodhaHomeTest@4d02f94e]" started-at="2022-06-01T20:18:47 IST" name="add" finished-at="2022-06-01T20:18:47 IST" duration-ms="1" status="PASS">
          <params>
            <param index="0">
              <value>
                <![CDATA[10]]>
              </value>
            </param>
            <param index="1">
              <value>
                <![CDATA[20]]>
              </value>
            </param>
          </params>
          <reporter-output>
          </reporter-output>
        </test-method> <!-- add -->
      </class> <!-- Test.ZerodhaHomeTest -->
    </test> <!-- Positive test -->
  </suite> <!-- Regression -->
</testng-results>
