<?xml version="1.0" encoding="UTF-8"?>
<!-- Generated by org.testng.reporters.JUnitXMLReporter -->
<testsuite ignored="4" hostname="LAPTOP-IO7O6G3K" failures="0" tests="2" name="Test" time="0.033" errors="0" timestamp="2022-05-31T20:37:25 IST">
  <testcase classname="Test.ZerodhaLoginPageTest" name="testa" time="0.003"/>
  <testcase classname="Test.ZerodhaHomeTest" name="HomePageTest" time="0.001"/>
  <testcase classname="Test.ZerodhaLoginPageTest" name="testb" time="0.0">
    <ignored/>
  </testcase> <!-- testb -->
  <testcase classname="Test.ZerodhaLoginPageTest" name="testd" time="0.0">
    <ignored/>
  </testcase> <!-- testd -->
  <testcase classname="Test.ZerodhaHomeTest" name="GoToHomePageTest" time="0.0">
    <ignored/>
  </testcase> <!-- GoToHomePageTest -->
  <testcase classname="Test.ZerodhaLoginPageTest" name="testc" time="0.0">
    <ignored/>
  </testcase> <!-- testc -->
</testsuite> <!-- Test -->
