<?xml version="1.0" encoding="UTF-8"?>
<!-- Generated by org.testng.reporters.JUnitXMLReporter -->
<testsuite ignored="1" hostname="LAPTOP-IO7O6G3K" failures="0" tests="5" name="Default test" time="0.061" errors="0" timestamp="2022-05-30T20:43:19 IST">
  <testcase classname="Test.ZerodhaLoginPageTest" name="testa" time="0.007"/>
  <testcase classname="Test.ZerodhaLoginPageTest" name="testd" time="0.0"/>
  <testcase classname="Test.ZerodhaLoginPageTest" name="testb" time="0.0"/>
  <testcase classname="Test.ZerodhaLoginPageTest" name="testb" time="0.001"/>
  <testcase classname="Test.ZerodhaLoginPageTest" name="testb" time="0.0"/>
  <testcase classname="Test.ZerodhaLoginPageTest" name="testc" time="0.0">
    <ignored/>
  </testcase> <!-- testc -->
</testsuite> <!-- Default test -->
