<?xml version="1.0" encoding="UTF-8"?>
<!-- Generated by org.testng.reporters.JUnitXMLReporter -->
<testsuite ignored="0" hostname="LAPTOP-IO7O6G3K" failures="0" tests="5" name="Default test" time="0.052" errors="0" timestamp="2022-06-21T19:19:29 IST">
  <testcase classname="Test.TestNGAnnotation" name="test1" time="0.006"/>
  <testcase classname="Test.TestNGAnnotation" name="test1" time="0.002"/>
  <testcase classname="Test.TestNGAnnotation" name="test2" time="0.001"/>
  <testcase classname="Test.TestNGAnnotation" name="test2" time="0.0"/>
  <testcase classname="Test.TestNGAnnotation" name="test2" time="0.0"/>
</testsuite> <!-- Default test -->
